{
"contracts/erc20.sol":{"l":{},"path":"/home/pratyush-ranjan/Documents/extra-carricular/practices_traning blockchain/ myasset/contracts/erc20.sol","s":{},"b":{},"f":{},"fnMap":{},"statementMap":{},"branchMap":{}},
"contracts/ethcoin.sol":{"l":{"18":3,"19":3,"23":0,"24":0,"26":0,"30":4,"34":0,"38":5,"42":4,"43":4,"44":4,"45":4,"53":2,"54":2,"55":2,"56":2,"57":2,"64":3,"65":3,"66":3,"73":1,"77":0,"84":0},"path":"/home/pratyush-ranjan/Documents/extra-carricular/practices_traning blockchain/ myasset/contracts/ethcoin.sol","s":{"1":3,"2":3,"3":0,"4":0,"5":4,"6":0,"7":5,"8":4,"9":4,"10":4,"11":4,"12":2,"13":2,"14":2,"15":2,"16":2,"17":3,"18":3,"19":3,"20":1,"21":0,"22":0},"b":{"1":[0,0]},"f":{"1":3,"2":0,"3":4,"4":0,"5":5,"6":4,"7":2,"8":3,"9":1,"10":0,"11":0},"fnMap":{"1":{"name":"constructor","line":17,"loc":{"start":{"line":17,"column":2},"end":{"line":20,"column":2}}},"2":{"name":"onlyOwner","line":22,"loc":{"start":{"line":22,"column":2},"end":{"line":27,"column":2}}},"3":{"name":"getOwner","line":29,"loc":{"start":{"line":29,"column":2},"end":{"line":31,"column":2}}},"4":{"name":"totalSupply","line":33,"loc":{"start":{"line":33,"column":2},"end":{"line":35,"column":2}}},"5":{"name":"balanceOf","line":37,"loc":{"start":{"line":37,"column":2},"end":{"line":39,"column":2}}},"6":{"name":"transfer","line":41,"loc":{"start":{"line":41,"column":2},"end":{"line":46,"column":2}}},"7":{"name":"transferFrom","line":48,"loc":{"start":{"line":48,"column":2},"end":{"line":58,"column":2}}},"8":{"name":"approve","line":60,"loc":{"start":{"line":60,"column":2},"end":{"line":67,"column":2}}},"9":{"name":"allowance","line":69,"loc":{"start":{"line":69,"column":2},"end":{"line":74,"column":2}}},"10":{"name":"extraPay","line":76,"loc":{"start":{"line":76,"column":2},"end":{"line":78,"column":2}}},"11":{"name":"specialOwner","line":83,"loc":{"start":{"line":80,"column":2},"end":{"line":85,"column":2}}}},"statementMap":{"1":{"start":{"line":18,"column":4},"end":{"line":18,"column":21}},"2":{"start":{"line":19,"column":4},"end":{"line":19,"column":35}},"3":{"start":{"line":23,"column":4},"end":{"line":23,"column":565}},"4":{"start":{"line":24,"column":6},"end":{"line":24,"column":13}},"5":{"start":{"line":30,"column":4},"end":{"line":30,"column":16}},"6":{"start":{"line":34,"column":4},"end":{"line":34,"column":51}},"7":{"start":{"line":38,"column":4},"end":{"line":38,"column":29}},"8":{"start":{"line":42,"column":4},"end":{"line":42,"column":48}},"9":{"start":{"line":43,"column":4},"end":{"line":43,"column":62}},"10":{"start":{"line":44,"column":4},"end":{"line":44,"column":42}},"11":{"start":{"line":45,"column":4},"end":{"line":45,"column":15}},"12":{"start":{"line":53,"column":4},"end":{"line":53,"column":52}},"13":{"start":{"line":54,"column":4},"end":{"line":54,"column":48}},"14":{"start":{"line":55,"column":4},"end":{"line":55,"column":58}},"15":{"start":{"line":56,"column":4},"end":{"line":56,"column":37}},"16":{"start":{"line":57,"column":4},"end":{"line":57,"column":15}},"17":{"start":{"line":64,"column":4},"end":{"line":64,"column":35}},"18":{"start":{"line":65,"column":4},"end":{"line":65,"column":42}},"19":{"start":{"line":66,"column":4},"end":{"line":66,"column":15}},"20":{"start":{"line":73,"column":4},"end":{"line":73,"column":35}},"21":{"start":{"line":77,"column":4},"end":{"line":77,"column":11}},"22":{"start":{"line":84,"column":4},"end":{"line":84,"column":54}}},"branchMap":{"1":{"line":23,"type":"if","locations":[{"start":{"line":23,"column":4},"end":{"line":23,"column":4}},{"start":{"line":23,"column":4},"end":{"line":23,"column":4}}]}}},
"contracts/librarysafeMath.sol":{"l":{"6":6,"7":6,"8":6,"12":8,"13":8,"14":8,"18":0,"19":0,"21":0,"22":0,"23":0,"27":0,"28":0,"29":0},"path":"/home/pratyush-ranjan/Documents/extra-carricular/practices_traning blockchain/ myasset/contracts/librarysafeMath.sol","s":{"1":6,"2":6,"3":6,"4":8,"5":8,"6":8,"7":0,"8":0,"9":0,"10":0,"11":0,"12":0,"13":0,"14":0},"b":{"1":[6,0],"2":[8,0],"3":[0,0],"4":[0,0],"5":[0,0]},"f":{"1":6,"2":8,"3":0,"4":0},"fnMap":{"1":{"name":"add","line":5,"loc":{"start":{"line":5,"column":2},"end":{"line":9,"column":2}}},"2":{"name":"sub","line":11,"loc":{"start":{"line":11,"column":2},"end":{"line":15,"column":2}}},"3":{"name":"mul","line":17,"loc":{"start":{"line":17,"column":2},"end":{"line":24,"column":2}}},"4":{"name":"div","line":26,"loc":{"start":{"line":26,"column":2},"end":{"line":30,"column":2}}}},"statementMap":{"1":{"start":{"line":6,"column":4},"end":{"line":6,"column":18}},"2":{"start":{"line":7,"column":4},"end":{"line":7,"column":17}},"3":{"start":{"line":8,"column":4},"end":{"line":8,"column":12}},"4":{"start":{"line":12,"column":4},"end":{"line":12,"column":18}},"5":{"start":{"line":13,"column":4},"end":{"line":13,"column":18}},"6":{"start":{"line":14,"column":4},"end":{"line":14,"column":12}},"7":{"start":{"line":18,"column":4},"end":{"line":18,"column":388}},"8":{"start":{"line":19,"column":6},"end":{"line":19,"column":14}},"9":{"start":{"line":21,"column":4},"end":{"line":21,"column":18}},"10":{"start":{"line":22,"column":4},"end":{"line":22,"column":22}},"11":{"start":{"line":23,"column":4},"end":{"line":23,"column":12}},"12":{"start":{"line":27,"column":4},"end":{"line":27,"column":17}},"13":{"start":{"line":28,"column":4},"end":{"line":28,"column":18}},"14":{"start":{"line":29,"column":4},"end":{"line":29,"column":12}}},"branchMap":{"1":{"line":7,"type":"if","locations":[{"start":{"line":7,"column":4},"end":{"line":7,"column":4}},{"start":{"line":7,"column":4},"end":{"line":7,"column":4}}]},"2":{"line":12,"type":"if","locations":[{"start":{"line":12,"column":4},"end":{"line":12,"column":4}},{"start":{"line":12,"column":4},"end":{"line":12,"column":4}}]},"3":{"line":18,"type":"if","locations":[{"start":{"line":18,"column":4},"end":{"line":18,"column":4}},{"start":{"line":18,"column":4},"end":{"line":18,"column":4}}]},"4":{"line":22,"type":"if","locations":[{"start":{"line":22,"column":4},"end":{"line":22,"column":4}},{"start":{"line":22,"column":4},"end":{"line":22,"column":4}}]},"5":{"line":27,"type":"if","locations":[{"start":{"line":27,"column":4},"end":{"line":27,"column":4}},{"start":{"line":27,"column":4},"end":{"line":27,"column":4}}]}}}}
