TN:
SF:/home/pratyush-ranjan/Documents/extra-carricular/practices_traning blockchain/ myasset/contracts/erc20.sol
FNF:0
FNH:0
LF:0
LH:0
BRF:0
BRH:0
end_of_record
TN:
SF:/home/pratyush-ranjan/Documents/extra-carricular/practices_traning blockchain/ myasset/contracts/ethcoin.sol
FN:17,constructor
FN:22,onlyOwner
FN:29,getOwner
FN:33,totalSupply
FN:37,balanceOf
FN:41,transfer
FN:48,transferFrom
FN:60,approve
FN:69,allowance
FN:76,extraPay
FN:83,specialOwner
FNF:11
FNH:7
FNDA:3,constructor
FNDA:0,onlyOwner
FNDA:4,getOwner
FNDA:0,totalSupply
FNDA:5,balanceOf
FNDA:4,transfer
FNDA:2,transferFrom
FNDA:3,approve
FNDA:1,allowance
FNDA:0,extraPay
FNDA:0,specialOwner
DA:18,3
DA:19,3
DA:23,0
DA:24,0
DA:26,0
DA:30,4
DA:34,0
DA:38,5
DA:42,4
DA:43,4
DA:44,4
DA:45,4
DA:53,2
DA:54,2
DA:55,2
DA:56,2
DA:57,2
DA:64,3
DA:65,3
DA:66,3
DA:73,1
DA:77,0
DA:84,0
LF:23
LH:17
BRDA:23,1,0,0
BRDA:23,1,1,0
BRF:2
BRH:0
end_of_record
TN:
SF:/home/pratyush-ranjan/Documents/extra-carricular/practices_traning blockchain/ myasset/contracts/librarysafeMath.sol
FN:5,add
FN:11,sub
FN:17,mul
FN:26,div
FNF:4
FNH:2
FNDA:6,add
FNDA:8,sub
FNDA:0,mul
FNDA:0,div
DA:6,6
DA:7,6
DA:8,6
DA:12,8
DA:13,8
DA:14,8
DA:18,0
DA:19,0
DA:21,0
DA:22,0
DA:23,0
DA:27,0
DA:28,0
DA:29,0
LF:14
LH:6
BRDA:7,1,0,6
BRDA:7,1,1,0
BRDA:12,2,0,8
BRDA:12,2,1,0
BRDA:18,3,0,0
BRDA:18,3,1,0
BRDA:22,4,0,0
BRDA:22,4,1,0
BRDA:27,5,0,0
BRDA:27,5,1,0
BRF:10
BRH:2
end_of_record
